# JRE version: OpenJDK Runtime Environment (17.0.6) (build 17.0.6+0-b2043.56-10027231)
# Java VM: OpenJDK 64-Bit Server VM (17.0.6+0-b2043.56-10027231, mixed mode, tiered, compressed oops, compressed class ptrs, g1 gc, windows-amd64)
GC Precious Log:
 CPUs: 8 total, 8 available
 Memory: 8072M
 Large Page Support: Disabled
 NUMA Support: Disabled
 Compressed Oops: Enabled (32-bit)
 Heap Region Size: 1M
 Heap Min Capacity: 8M
 Heap Initial Capacity: 128M
 Heap Max Capacity: 2G
 Pre-touch: Disabled
 Parallel Workers: 8
 Concurrent Workers: 2
 Concurrent Refinement Workers: 8
 Periodic GC: Disabled
Heap:
 garbage-first heap   total 68608K, used 28308K [0x0000000080000000, 0x0000000100000000)
  region size 1024K, 8 young (8192K), 3 survivors (3072K)
 Metaspace       used 37674K, committed 38016K, reserved 1089536K
  class space    used 5046K, committed 5248K, reserved 1048576K
GC Heap History (14 events):
Event: 1.475 GC heap before
{Heap before GC invocations=0 (full 0):
 garbage-first heap   total 131072K, used 26624K [0x0000000080000000, 0x0000000100000000)
  region size 1024K, 23 young (23552K), 0 survivors (0K)
 Metaspace       used 10256K, committed 10432K, reserved 1064960K
  class space    used 1058K, committed 1152K, reserved 1048576K
}
Event: 1.481 GC heap after
{Heap after GC invocations=1 (full 0):
 garbage-first heap   total 131072K, used 10230K [0x0000000080000000, 0x0000000100000000)
  region size 1024K, 3 young (3072K), 3 survivors (3072K)
 Metaspace       used 10256K, committed 10432K, reserved 1064960K
  class space    used 1058K, committed 1152K, reserved 1048576K
}
Event: 3.762 GC heap before
{Heap before GC invocations=1 (full 0):
 garbage-first heap   total 131072K, used 39926K [0x0000000080000000, 0x0000000100000000)
  region size 1024K, 31 young (31744K), 3 survivors (3072K)
 Metaspace       used 11203K, committed 11456K, reserved 1064960K
  class space    used 1161K, committed 1280K, reserved 1048576K
}
Event: 3.769 GC heap after
{Heap after GC invocations=2 (full 0):
 garbage-first heap   total 131072K, used 14513K [0x0000000080000000, 0x0000000100000000)
  region size 1024K, 4 young (4096K), 4 survivors (4096K)
 Metaspace       used 11203K, committed 11456K, reserved 1064960K
  class space    used 1161K, committed 1280K, reserved 1048576K
}
Event: 6.918 GC heap before
{Heap before GC invocations=2 (full 0):
 garbage-first heap   total 131072K, used 52401K [0x0000000080000000, 0x0000000100000000)
  region size 1024K, 42 young (43008K), 4 survivors (4096K)
 Metaspace       used 21176K, committed 21504K, reserved 1073152K
  class space    used 2565K, committed 2752K, reserved 1048576K
}
Event: 6.928 GC heap after
{Heap after GC invocations=3 (full 0):
 garbage-first heap   total 131072K, used 18364K [0x0000000080000000, 0x0000000100000000)
  region size 1024K, 8 young (8192K), 8 survivors (8192K)
 Metaspace       used 21176K, committed 21504K, reserved 1073152K
  class space    used 2565K, committed 2752K, reserved 1048576K
}
Event: 8.145 GC heap before
{Heap before GC invocations=4 (full 0):
 garbage-first heap   total 68608K, used 51132K [0x0000000080000000, 0x0000000100000000)
  region size 1024K, 40 young (40960K), 8 survivors (8192K)
 Metaspace       used 26236K, committed 26560K, reserved 1073152K
  class space    used 3444K, committed 3584K, reserved 1048576K
}
Event: 8.152 GC heap after
{Heap after GC invocations=5 (full 0):
 garbage-first heap   total 68608K, used 20643K [0x0000000080000000, 0x0000000100000000)
  region size 1024K, 3 young (3072K), 3 survivors (3072K)
 Metaspace       used 26236K, committed 26560K, reserved 1073152K
  class space    used 3444K, committed 3584K, reserved 1048576K
}
Event: 8.704 GC heap before
{Heap before GC invocations=5 (full 0):
 garbage-first heap   total 68608K, used 46243K [0x0000000080000000, 0x0000000100000000)
  region size 1024K, 28 young (28672K), 3 survivors (3072K)
 Metaspace       used 30178K, committed 30464K, reserved 1081344K
  class space    used 4092K, committed 4224K, reserved 1048576K
}
Event: 8.709 GC heap after
{Heap after GC invocations=6 (full 0):
 garbage-first heap   total 68608K, used 22017K [0x0000000080000000, 0x0000000100000000)
  region size 1024K, 4 young (4096K), 4 survivors (4096K)
 Metaspace       used 30178K, committed 30464K, reserved 1081344K
  class space    used 4092K, committed 4224K, reserved 1048576K
}
Event: 9.656 GC heap before
{Heap before GC invocations=6 (full 0):
 garbage-first heap   total 68608K, used 47617K [0x0000000080000000, 0x0000000100000000)
  region size 1024K, 30 young (30720K), 4 survivors (4096K)
 Metaspace       used 34601K, committed 35008K, reserved 1081344K
  class space    used 4782K, committed 4992K, reserved 1048576K
}
Event: 9.661 GC heap after
{Heap after GC invocations=7 (full 0):
 garbage-first heap   total 68608K, used 23525K [0x0000000080000000, 0x0000000100000000)
  region size 1024K, 4 young (4096K), 4 survivors (4096K)
 Metaspace       used 34601K, committed 35008K, reserved 1081344K
  class space    used 4782K, committed 4992K, reserved 1048576K
}
Event: 10.684 GC heap before
{Heap before GC invocations=7 (full 0):
 garbage-first heap   total 68608K, used 27621K [0x0000000080000000, 0x0000000100000000)
  region size 1024K, 9 young (9216K), 4 survivors (4096K)
 Metaspace       used 35658K, committed 35968K, reserved 1081344K
  class space    used 4874K, committed 5056K, reserved 1048576K
}
Event: 10.692 GC heap after
{Heap after GC invocations=8 (full 0):
 garbage-first heap   total 68608K, used 24212K [0x0000000080000000, 0x0000000100000000)
  region size 1024K, 3 young (3072K), 3 survivors (3072K)
 Metaspace       used 35658K, committed 35968K, reserved 1081344K
  class space    used 4874K, committed 5056K, reserved 1048576K
}

