# JRE version: OpenJDK Runtime Environment (17.0.6) (build 17.0.6+0-b2043.56-10027231)
# Java VM: OpenJDK 64-Bit Server VM (17.0.6+0-b2043.56-10027231, mixed mode, tiered, compressed oops, compressed class ptrs, g1 gc, windows-amd64)
GC Precious Log:
 CPUs: 8 total, 8 available
 Memory: 8072M
 Large Page Support: Disabled
 NUMA Support: Disabled
 Compressed Oops: Enabled (32-bit)
 Heap Region Size: 1M
 Heap Min Capacity: 8M
 Heap Initial Capacity: 128M
 Heap Max Capacity: 2G
 Pre-touch: Disabled
 Parallel Workers: 8
 Concurrent Workers: 2
 Concurrent Refinement Workers: 8
 Periodic GC: Disabled
Heap:
 garbage-first heap   total 68608K, used 49926K [0x0000000080000000, 0x0000000100000000)
  region size 1024K, 18 young (18432K), 3 survivors (3072K)
 Metaspace       used 53091K, committed 53568K, reserved 1097728K
  class space    used 7107K, committed 7296K, reserved 1048576K
GC Heap History (20 events):
Event: 4.459 GC heap before
{Heap before GC invocations=4 (full 0):
 garbage-first heap   total 68608K, used 51656K [0x0000000080000000, 0x0000000100000000)
  region size 1024K, 40 young (40960K), 8 survivors (8192K)
 Metaspace       used 26207K, committed 26496K, reserved 1073152K
  class space    used 3443K, committed 3584K, reserved 1048576K
}
Event: 4.466 GC heap after
{Heap after GC invocations=5 (full 0):
 garbage-first heap   total 68608K, used 21147K [0x0000000080000000, 0x0000000100000000)
  region size 1024K, 3 young (3072K), 3 survivors (3072K)
 Metaspace       used 26207K, committed 26496K, reserved 1073152K
  class space    used 3443K, committed 3584K, reserved 1048576K
}
Event: 5.776 GC heap before
{Heap before GC invocations=5 (full 0):
 garbage-first heap   total 68608K, used 46747K [0x0000000080000000, 0x0000000100000000)
  region size 1024K, 28 young (28672K), 3 survivors (3072K)
 Metaspace       used 30176K, committed 30464K, reserved 1081344K
  class space    used 4093K, committed 4224K, reserved 1048576K
}
Event: 5.782 GC heap after
{Heap after GC invocations=6 (full 0):
 garbage-first heap   total 68608K, used 22450K [0x0000000080000000, 0x0000000100000000)
  region size 1024K, 4 young (4096K), 4 survivors (4096K)
 Metaspace       used 30176K, committed 30464K, reserved 1081344K
  class space    used 4093K, committed 4224K, reserved 1048576K
}
Event: 8.250 GC heap before
{Heap before GC invocations=6 (full 0):
 garbage-first heap   total 68608K, used 49074K [0x0000000080000000, 0x0000000100000000)
  region size 1024K, 30 young (30720K), 4 survivors (4096K)
 Metaspace       used 34649K, committed 35072K, reserved 1081344K
  class space    used 4788K, committed 4992K, reserved 1048576K
}
Event: 8.257 GC heap after
{Heap after GC invocations=7 (full 0):
 garbage-first heap   total 68608K, used 24012K [0x0000000080000000, 0x0000000100000000)
  region size 1024K, 4 young (4096K), 4 survivors (4096K)
 Metaspace       used 34649K, committed 35072K, reserved 1081344K
  class space    used 4788K, committed 4992K, reserved 1048576K
}
Event: 8.634 GC heap before
{Heap before GC invocations=7 (full 0):
 garbage-first heap   total 68608K, used 28108K [0x0000000080000000, 0x0000000100000000)
  region size 1024K, 9 young (9216K), 4 survivors (4096K)
 Metaspace       used 35587K, committed 35968K, reserved 1081344K
  class space    used 4871K, committed 5056K, reserved 1048576K
}
Event: 8.639 GC heap after
{Heap after GC invocations=8 (full 0):
 garbage-first heap   total 68608K, used 24780K [0x0000000080000000, 0x0000000100000000)
  region size 1024K, 3 young (3072K), 3 survivors (3072K)
 Metaspace       used 35587K, committed 35968K, reserved 1081344K
  class space    used 4871K, committed 5056K, reserved 1048576K
}
Event: 9.758 GC heap before
{Heap before GC invocations=9 (full 0):
 garbage-first heap   total 68608K, used 48332K [0x0000000080000000, 0x0000000100000000)
  region size 1024K, 27 young (27648K), 3 survivors (3072K)
 Metaspace       used 40409K, committed 40768K, reserved 1089536K
  class space    used 5354K, committed 5504K, reserved 1048576K
}
Event: 9.764 GC heap after
{Heap after GC invocations=10 (full 0):
 garbage-first heap   total 68608K, used 28576K [0x0000000080000000, 0x0000000100000000)
  region size 1024K, 4 young (4096K), 4 survivors (4096K)
 Metaspace       used 40409K, committed 40768K, reserved 1089536K
  class space    used 5354K, committed 5504K, reserved 1048576K
}
Event: 10.396 GC heap before
{Heap before GC invocations=10 (full 0):
 garbage-first heap   total 68608K, used 54176K [0x0000000080000000, 0x0000000100000000)
  region size 1024K, 26 young (26624K), 4 survivors (4096K)
 Metaspace       used 42867K, committed 43200K, reserved 1089536K
  class space    used 5625K, committed 5760K, reserved 1048576K
}
Event: 10.404 GC heap after
{Heap after GC invocations=11 (full 0):
 garbage-first heap   total 68608K, used 30042K [0x0000000080000000, 0x0000000100000000)
  region size 1024K, 3 young (3072K), 3 survivors (3072K)
 Metaspace       used 42867K, committed 43200K, reserved 1089536K
  class space    used 5625K, committed 5760K, reserved 1048576K
}
Event: 11.191 GC heap before
{Heap before GC invocations=11 (full 0):
 garbage-first heap   total 68608K, used 51546K [0x0000000080000000, 0x0000000100000000)
  region size 1024K, 24 young (24576K), 3 survivors (3072K)
 Metaspace       used 44824K, committed 45248K, reserved 1089536K
  class space    used 5825K, committed 6016K, reserved 1048576K
}
Event: 11.196 GC heap after
{Heap after GC invocations=12 (full 0):
 garbage-first heap   total 68608K, used 31755K [0x0000000080000000, 0x0000000100000000)
  region size 1024K, 2 young (2048K), 2 survivors (2048K)
 Metaspace       used 44824K, committed 45248K, reserved 1089536K
  class space    used 5825K, committed 6016K, reserved 1048576K
}
Event: 12.896 GC heap before
{Heap before GC invocations=12 (full 0):
 garbage-first heap   total 68608K, used 52235K [0x0000000080000000, 0x0000000100000000)
  region size 1024K, 22 young (22528K), 2 survivors (2048K)
 Metaspace       used 47414K, committed 47872K, reserved 1097728K
  class space    used 6264K, committed 6464K, reserved 1048576K
}
Event: 12.901 GC heap after
{Heap after GC invocations=13 (full 0):
 garbage-first heap   total 68608K, used 32936K [0x0000000080000000, 0x0000000100000000)
  region size 1024K, 3 young (3072K), 3 survivors (3072K)
 Metaspace       used 47414K, committed 47872K, reserved 1097728K
  class space    used 6264K, committed 6464K, reserved 1048576K
}
Event: 14.147 GC heap before
{Heap before GC invocations=13 (full 0):
 garbage-first heap   total 68608K, used 53416K [0x0000000080000000, 0x0000000100000000)
  region size 1024K, 23 young (23552K), 3 survivors (3072K)
 Metaspace       used 50297K, committed 50752K, reserved 1097728K
  class space    used 6728K, committed 6912K, reserved 1048576K
}
Event: 14.157 GC heap after
{Heap after GC invocations=14 (full 0):
 garbage-first heap   total 68608K, used 34176K [0x0000000080000000, 0x0000000100000000)
  region size 1024K, 3 young (3072K), 3 survivors (3072K)
 Metaspace       used 50297K, committed 50752K, reserved 1097728K
  class space    used 6728K, committed 6912K, reserved 1048576K
}
Event: 15.304 GC heap before
{Heap before GC invocations=14 (full 0):
 garbage-first heap   total 68608K, used 53632K [0x0000000080000000, 0x0000000100000000)
  region size 1024K, 22 young (22528K), 3 survivors (3072K)
 Metaspace       used 52571K, committed 53056K, reserved 1097728K
  class space    used 7044K, committed 7232K, reserved 1048576K
}
Event: 15.309 GC heap after
{Heap after GC invocations=15 (full 0):
 garbage-first heap   total 68608K, used 35590K [0x0000000080000000, 0x0000000100000000)
  region size 1024K, 3 young (3072K), 3 survivors (3072K)
 Metaspace       used 52571K, committed 53056K, reserved 1097728K
  class space    used 7044K, committed 7232K, reserved 1048576K
}

